5.8069 	INFO 	Loaded monitor calibration from ['2025_02_19 18:27']
5.8179 	WARNING 	User requested fullscreen with size [2560 1440], but screen is actually [3072, 1920]. Using actual size
6.0982 	EXP 	Created window1 = Window(allowGUI=False, allowStencil=False, autoLog=True, backendConf=UNKNOWN, backgroundFit=<method-wrapper '__getattribute__' of attributeSetter object at 0x0000029AB448A680>, backgroundImage=<method-wrapper '__getattribute__' of attributeSetter object at 0x0000029AB448A6E0>, bitsMode=UNKNOWN, blendMode='avg', bpc=(8, 8, 8), color=array([0, 0, 0]), colorSpace='rgb', depthBits=8, fullscr=True, gamma=None, gammaErrorPolicy='raise', infoMsg=UNKNOWN, lms=UNKNOWN, monitor=<psychopy.monitors.calibTools.Monitor object at 0x0000029AB4514F70>, multiSample=False, name='window1', numSamples=2, pos=[0.0, 0.0], screen=0, size=array([3072, 1920]), stencilBits=0, stereo=False, title='PsychoPy', units='height', useFBO=True, useRetina=False, viewOri=0.0, viewPos=None, viewScale=None, waitBlanking=True, winType='pyglet')
6.0983 	EXP 	window1: backgroundImage = ''
6.0983 	EXP 	window1: backgroundFit = 'none'
6.1807 	EXP 	window1: Attempting to measure frame rate of screen (0) ...
6.1807 	EXP 	window1: recordFrameIntervals = False
6.3656 	EXP 	window1: recordFrameIntervals = True
6.9836 	EXP 	Screen (0) actual frame rate measured at 59.89Hz
6.9837 	EXP 	window1: recordFrameIntervals = False
8.8553 	INFO 	keyboard.Keyboard is using iohub backend.
8.8554 	INFO 	keyboard.Keyboard is using iohub backend.
9.1603 	WARNING 	Could not find exact match for specified parameters (index=12, sampleRateHz=48000, channels=1), falling back to best approximation (index=12, sampleRateHz=44100, channels=2)
9.1603 	INFO 	Using audio device #12 (Analogue 1 + 2 (Focusrite USB Audio)) for audio capture. Full spec: AudioDeviceInfo(deviceIndex=12, deviceName='Analogue 1 + 2 (Focusrite USB Audio)', hostAPIName='Windows WASAPI', outputChannels=0, outputLatency=(0.0, 0.0), inputChannels=2, inputLatency=(0.003, 0.01), defaultSampleRate=44100, audioLib='ptb')
9.2458 	EXP 	mt_stimuli_recording: status = STARTED
9.3093 	EXP 	Created welcome_message = TextStim(__class__=<class 'psychopy.visual.text.TextStim'>, alignHoriz=method-wrapper(...), alignText='center', alignVert=method-wrapper(...), anchorHoriz='center', anchorVert='center', antialias=True, autoDraw=False, autoLog=True, bold=False, color=array([1., 1., 1.]), colorSpace='rgb', contrast=1.0, depth=0.0, draggable=False, flipHoriz=False, flipVert=False, font='Arial', fontFiles=[], height=0.05, italic=False, languageStyle='LTR', name='welcome_message', opacity=1, ori=0.0, pos=array([0., 0.]), rgb=UNKNOWN, text='Welcome to this experiment', units='height', win=Window(...), wrapWidth=1)
9.3330 	EXP 	Created instructions_message = TextStim(__class__=<class 'psychopy.visual.text.TextStim'>, alignHoriz=method-wrapper(...), alignText='center', alignVert=method-wrapper(...), anchorHoriz='center', anchorVert='center', antialias=True, autoDraw=False, autoLog=True, bold=False, color=array([1., 1., 1.]), colorSpace='rgb', contrast=1.0, depth=0.0, draggable=False, flipHoriz=False, flipVert=False, font='Arial', fontFiles=[], height=0.029999999999999995, italic=False, languageStyle='LTR', name='instructions_message', opacity=1, ori=0.0, pos=array([0., 0.]), rgb=UNKNOWN, text=str(...), units='height', win=Window(...), wrapWidth=1)
9.3350 	EXP 	Created fixation_cross_ISI = ShapeStim(__class__=<class 'psychopy.visual.shape.ShapeStim'>, anchor=('center', 'center'), autoDraw=False, autoLog=True, closeShape=True, color=method-wrapper(...), colorSpace='rgb', contrast=None, depth=0.0, draggable=False, fillColor=array([1, 1, 1]), fillColorSpace='rgb', fillRGB=array([1, 1, 1]), interpolate=True, lineColor=array([1., 1., 1.]), lineColorSpace='rgb', lineRGB=array([1, 1, 1]), lineWidth=1.0, name='fixation_cross_ISI', opacity=1, ori=0.0, pos=array([0., 0.]), size=array([0.1, 0.1]), units='height', vertices=ndarray(...), win=Window(...), windingRule=None)
9.3369 	EXP 	Created cue_stim = ShapeStim(__class__=<class 'psychopy.visual.shape.ShapeStim'>, anchor=('center', 'center'), autoDraw=False, autoLog=True, closeShape=True, color=method-wrapper(...), colorSpace='rgb', contrast=None, depth=0.0, draggable=False, fillColor=array([-1., -1., -1.]), fillColorSpace='rgb', fillRGB=array([-1., -1., -1.]), interpolate=True, lineColor=array([-1., -1., -1.]), lineColorSpace='rgb', lineRGB=array([-1., -1., -1.]), lineWidth=4.0, name='cue_stim', opacity=1, ori=0.0, pos=array([0., 0.]), size=array([0.7, 0.7]), units='height', vertices=ndarray(...), win=Window(...), windingRule=None)
9.3391 	EXP 	Created target_stim = ShapeStim(__class__=<class 'psychopy.visual.shape.ShapeStim'>, anchor=('center', 'center'), autoDraw=False, autoLog=True, closeShape=True, color=method-wrapper(...), colorSpace='rgb', contrast=None, depth=-1.0, draggable=False, fillColor=array([0., 0., 0.]), fillColorSpace='rgb', fillRGB=array([0., 0., 0.]), interpolate=True, lineColor=array([-1.    ,  0.0039, -1.    ]), lineColorSpace='rgb', lineRGB=array([-1.    ,  0.0039, -1.    ]), lineWidth=4.0, name='target_stim', opacity=1.0, ori=0.0, pos=array([0., 0.]), size=array([0.2, 0.2]), units='height', vertices=ndarray(...), win=Window(...), windingRule=None)
9.3402 	EXP 	Created task_msg = TextStim(__class__=<class 'psychopy.visual.text.TextStim'>, alignHoriz=method-wrapper(...), alignText='center', alignVert=method-wrapper(...), anchorHoriz='center', anchorVert='center', antialias=True, autoDraw=False, autoLog=True, bold=False, color=array([-1., -1., -1.]), colorSpace='rgb', contrast=1.0, depth=-2.0, draggable=False, flipHoriz=False, flipVert=False, font='Arial', fontFiles=[], height=0.04, italic=False, languageStyle='LTR', name='task_msg', opacity=1, ori=0.0, pos=array([0., 0.]), rgb=UNKNOWN, text='', units='height', win=Window(...), wrapWidth=1)
0.0173 	EXP 	welcome_message: autoDraw = True
1.5235 	INFO 	Keyboard events cleared
1.5231 	EXP 	welcome_message: autoDraw = False
1.5231 	EXP 	instructions_message: autoDraw = True
53.3927 	DATA 	Mouse: Left button down, pos=(996,929)
53.4895 	DATA 	Mouse:  Left button up, pos=(996,929)
53.6044 	DATA 	Keypress: escape
53.7379 	EXP 	mt_stimuli_recording: status = STOPPED
53.7528 	EXP 	instructions_message: autoDraw = False
53.7529 	EXP 	mt_stimuli_recording: status = STOPPED
53.7562 	INFO 	saved data to 'c:\\Users\\timdr\\OneDrive\\Uni_Oldenburg\\4_Semester\\Master_Thesis\\Analysis_Experiment\\psam\\sub-004_stimuli_recordings_2025-03-02_21h30.53.152.csv'
53.7566 	INFO 	saved data to c:\Users\timdr\OneDrive\Uni_Oldenburg\4_Semester\Master_Thesis\Analysis_Experiment\psam\sub-004_stimuli_recordings_2025-03-02_21h30.53.152.psydat
